2020-03-26 11:35:51 [main] INFO  DataBaseTestConfig:14 - Create DB connection
2020-03-26 11:35:53 [main] INFO  DataBaseTestConfig:24 - Closing DB connection
2020-03-26 11:35:53 [main] INFO  DataBaseTestConfig:14 - Create DB connection
2020-03-26 11:35:53 [main] INFO  DataBaseTestConfig:46 - Closing Result Set
2020-03-26 11:35:53 [main] INFO  DataBaseTestConfig:35 - Closing Prepared Statement
2020-03-26 11:35:53 [main] INFO  DataBaseTestConfig:24 - Closing DB connection
2020-03-26 11:35:53 [main] INFO  DataBaseTestConfig:14 - Create DB connection
2020-03-26 11:35:53 [main] INFO  DataBaseTestConfig:35 - Closing Prepared Statement
2020-03-26 11:35:53 [main] INFO  DataBaseTestConfig:24 - Closing DB connection
2020-03-26 11:35:53 [main] INFO  DataBaseTestConfig:14 - Create DB connection
2020-03-26 11:35:53 [main] INFO  DataBaseTestConfig:46 - Closing Result Set
2020-03-26 11:35:53 [main] INFO  DataBaseTestConfig:35 - Closing Prepared Statement
2020-03-26 11:35:53 [main] INFO  DataBaseTestConfig:24 - Closing DB connection
2020-03-26 11:35:53 [main] INFO  DataBaseTestConfig:14 - Create DB connection
2020-03-26 11:35:53 [main] INFO  DataBaseTestConfig:24 - Closing DB connection
2020-03-26 11:35:53 [main] INFO  DataBaseTestConfig:14 - Create DB connection
2020-03-26 11:35:53 [main] INFO  DataBaseTestConfig:46 - Closing Result Set
2020-03-26 11:35:53 [main] INFO  DataBaseTestConfig:35 - Closing Prepared Statement
2020-03-26 11:35:53 [main] INFO  DataBaseTestConfig:24 - Closing DB connection
2020-03-26 11:35:53 [main] INFO  DataBaseTestConfig:14 - Create DB connection
2020-03-26 11:35:53 [main] INFO  DataBaseTestConfig:46 - Closing Result Set
2020-03-26 11:35:53 [main] INFO  DataBaseTestConfig:35 - Closing Prepared Statement
2020-03-26 11:35:53 [main] INFO  DataBaseTestConfig:24 - Closing DB connection
2020-03-26 11:35:54 [main] INFO  DataBaseTestConfig:14 - Create DB connection
2020-03-26 11:35:54 [main] INFO  DataBaseTestConfig:46 - Closing Result Set
2020-03-26 11:35:54 [main] INFO  DataBaseTestConfig:35 - Closing Prepared Statement
2020-03-26 11:35:54 [main] INFO  DataBaseTestConfig:24 - Closing DB connection
2020-03-26 11:35:54 [main] INFO  DataBaseTestConfig:14 - Create DB connection
2020-03-26 11:35:54 [main] INFO  DataBaseTestConfig:24 - Closing DB connection
2020-03-26 11:35:54 [main] INFO  DataBaseTestConfig:14 - Create DB connection
2020-03-26 11:35:54 [main] INFO  DataBaseTestConfig:35 - Closing Prepared Statement
2020-03-26 11:35:54 [main] INFO  DataBaseTestConfig:24 - Closing DB connection
2020-03-26 11:35:54 [main] INFO  DataBaseTestConfig:14 - Create DB connection
2020-03-26 11:35:54 [main] INFO  DataBaseTestConfig:46 - Closing Result Set
2020-03-26 11:35:54 [main] INFO  DataBaseTestConfig:35 - Closing Prepared Statement
2020-03-26 11:35:54 [main] INFO  DataBaseTestConfig:24 - Closing DB connection
2020-03-26 11:35:54 [main] INFO  DataBaseTestConfig:14 - Create DB connection
2020-03-26 11:35:54 [main] INFO  DataBaseTestConfig:24 - Closing DB connection
2020-03-26 11:35:54 [main] INFO  DataBaseTestConfig:14 - Create DB connection
2020-03-26 11:35:54 [main] INFO  DataBaseTestConfig:46 - Closing Result Set
2020-03-26 11:35:54 [main] INFO  DataBaseTestConfig:35 - Closing Prepared Statement
2020-03-26 11:35:54 [main] INFO  DataBaseTestConfig:24 - Closing DB connection
2020-03-26 11:35:54 [main] INFO  DataBaseTestConfig:14 - Create DB connection
2020-03-26 11:35:54 [main] INFO  DataBaseTestConfig:35 - Closing Prepared Statement
2020-03-26 11:35:54 [main] INFO  DataBaseTestConfig:24 - Closing DB connection
2020-03-26 11:35:54 [main] INFO  DataBaseTestConfig:14 - Create DB connection
2020-03-26 11:35:54 [main] INFO  DataBaseTestConfig:46 - Closing Result Set
2020-03-26 11:35:54 [main] INFO  DataBaseTestConfig:35 - Closing Prepared Statement
2020-03-26 11:35:54 [main] INFO  DataBaseTestConfig:24 - Closing DB connection
2020-03-26 11:35:54 [main] INFO  DataBaseTestConfig:14 - Create DB connection
2020-03-26 11:35:54 [main] INFO  DataBaseTestConfig:24 - Closing DB connection
2020-03-26 11:35:54 [main] INFO  DataBaseTestConfig:14 - Create DB connection
2020-03-26 11:35:54 [main] INFO  DataBaseTestConfig:46 - Closing Result Set
2020-03-26 11:35:54 [main] INFO  DataBaseTestConfig:35 - Closing Prepared Statement
2020-03-26 11:35:54 [main] INFO  DataBaseTestConfig:24 - Closing DB connection
2020-03-26 11:54:48 [main] INFO  DataBaseTestConfig:14 - Create DB connection
2020-03-26 11:54:49 [main] INFO  DataBaseTestConfig:24 - Closing DB connection
2020-03-26 11:54:49 [main] INFO  DataBaseTestConfig:14 - Create DB connection
2020-03-26 11:54:49 [main] INFO  DataBaseTestConfig:46 - Closing Result Set
2020-03-26 11:54:49 [main] INFO  DataBaseTestConfig:35 - Closing Prepared Statement
2020-03-26 11:54:49 [main] INFO  DataBaseTestConfig:24 - Closing DB connection
2020-03-26 11:54:49 [main] INFO  DataBaseTestConfig:14 - Create DB connection
2020-03-26 11:54:49 [main] INFO  DataBaseTestConfig:35 - Closing Prepared Statement
2020-03-26 11:54:49 [main] INFO  DataBaseTestConfig:24 - Closing DB connection
2020-03-26 11:54:49 [main] INFO  DataBaseTestConfig:14 - Create DB connection
2020-03-26 11:54:49 [main] INFO  DataBaseTestConfig:46 - Closing Result Set
2020-03-26 11:54:49 [main] INFO  DataBaseTestConfig:35 - Closing Prepared Statement
2020-03-26 11:54:49 [main] INFO  DataBaseTestConfig:24 - Closing DB connection
2020-03-26 11:54:49 [main] INFO  DataBaseTestConfig:14 - Create DB connection
2020-03-26 11:54:49 [main] INFO  DataBaseTestConfig:24 - Closing DB connection
2020-03-26 11:54:49 [main] INFO  DataBaseTestConfig:14 - Create DB connection
2020-03-26 11:54:49 [main] INFO  DataBaseTestConfig:46 - Closing Result Set
2020-03-26 11:54:49 [main] INFO  DataBaseTestConfig:35 - Closing Prepared Statement
2020-03-26 11:54:49 [main] INFO  DataBaseTestConfig:24 - Closing DB connection
2020-03-26 11:54:50 [main] INFO  DataBaseTestConfig:14 - Create DB connection
2020-03-26 11:54:50 [main] INFO  DataBaseTestConfig:46 - Closing Result Set
2020-03-26 11:54:50 [main] INFO  DataBaseTestConfig:35 - Closing Prepared Statement
2020-03-26 11:54:50 [main] INFO  DataBaseTestConfig:24 - Closing DB connection
2020-03-26 11:54:50 [main] INFO  DataBaseTestConfig:14 - Create DB connection
2020-03-26 11:54:50 [main] INFO  DataBaseTestConfig:46 - Closing Result Set
2020-03-26 11:54:50 [main] INFO  DataBaseTestConfig:35 - Closing Prepared Statement
2020-03-26 11:54:50 [main] INFO  DataBaseTestConfig:24 - Closing DB connection
2020-03-26 11:54:50 [main] INFO  DataBaseTestConfig:14 - Create DB connection
2020-03-26 11:54:50 [main] INFO  DataBaseTestConfig:24 - Closing DB connection
2020-03-26 11:54:50 [main] INFO  DataBaseTestConfig:14 - Create DB connection
2020-03-26 11:54:50 [main] INFO  DataBaseTestConfig:35 - Closing Prepared Statement
2020-03-26 11:54:50 [main] INFO  DataBaseTestConfig:24 - Closing DB connection
2020-03-26 11:54:50 [main] INFO  DataBaseTestConfig:14 - Create DB connection
2020-03-26 11:54:50 [main] INFO  DataBaseTestConfig:46 - Closing Result Set
2020-03-26 11:54:50 [main] INFO  DataBaseTestConfig:35 - Closing Prepared Statement
2020-03-26 11:54:50 [main] INFO  DataBaseTestConfig:24 - Closing DB connection
2020-03-26 11:54:50 [main] INFO  DataBaseTestConfig:14 - Create DB connection
2020-03-26 11:54:50 [main] INFO  DataBaseTestConfig:24 - Closing DB connection
2020-03-26 11:54:50 [main] INFO  DataBaseTestConfig:14 - Create DB connection
2020-03-26 11:54:50 [main] INFO  DataBaseTestConfig:46 - Closing Result Set
2020-03-26 11:54:50 [main] INFO  DataBaseTestConfig:35 - Closing Prepared Statement
2020-03-26 11:54:50 [main] INFO  DataBaseTestConfig:24 - Closing DB connection
2020-03-26 11:54:50 [main] INFO  DataBaseTestConfig:14 - Create DB connection
2020-03-26 11:54:50 [main] INFO  DataBaseTestConfig:35 - Closing Prepared Statement
2020-03-26 11:54:50 [main] INFO  DataBaseTestConfig:24 - Closing DB connection
2020-03-26 11:54:50 [main] INFO  DataBaseTestConfig:14 - Create DB connection
2020-03-26 11:54:51 [main] INFO  DataBaseTestConfig:46 - Closing Result Set
2020-03-26 11:54:51 [main] INFO  DataBaseTestConfig:35 - Closing Prepared Statement
2020-03-26 11:54:51 [main] INFO  DataBaseTestConfig:24 - Closing DB connection
2020-03-26 11:54:51 [main] INFO  DataBaseTestConfig:14 - Create DB connection
2020-03-26 11:54:51 [main] INFO  DataBaseTestConfig:24 - Closing DB connection
2020-03-26 11:54:51 [main] INFO  DataBaseTestConfig:14 - Create DB connection
2020-03-26 11:54:51 [main] INFO  DataBaseTestConfig:46 - Closing Result Set
2020-03-26 11:54:51 [main] INFO  DataBaseTestConfig:35 - Closing Prepared Statement
2020-03-26 11:54:51 [main] INFO  DataBaseTestConfig:24 - Closing DB connection
2020-03-26 12:19:01 [main] INFO  DataBaseTestConfig:14 - Create DB connection
2020-03-26 12:19:03 [main] INFO  DataBaseTestConfig:24 - Closing DB connection
2020-03-26 12:19:03 [main] INFO  DataBaseTestConfig:14 - Create DB connection
2020-03-26 12:19:03 [main] INFO  DataBaseTestConfig:46 - Closing Result Set
2020-03-26 12:19:03 [main] INFO  DataBaseTestConfig:35 - Closing Prepared Statement
2020-03-26 12:19:03 [main] INFO  DataBaseTestConfig:24 - Closing DB connection
2020-03-26 12:19:03 [main] INFO  DataBaseTestConfig:14 - Create DB connection
2020-03-26 12:19:03 [main] INFO  DataBaseTestConfig:35 - Closing Prepared Statement
2020-03-26 12:19:03 [main] INFO  DataBaseTestConfig:24 - Closing DB connection
2020-03-26 12:19:03 [main] INFO  DataBaseTestConfig:14 - Create DB connection
2020-03-26 12:19:03 [main] INFO  DataBaseTestConfig:46 - Closing Result Set
2020-03-26 12:19:03 [main] INFO  DataBaseTestConfig:35 - Closing Prepared Statement
2020-03-26 12:19:03 [main] INFO  DataBaseTestConfig:24 - Closing DB connection
2020-03-26 12:19:03 [main] INFO  DataBaseTestConfig:14 - Create DB connection
2020-03-26 12:19:03 [main] INFO  DataBaseTestConfig:24 - Closing DB connection
2020-03-26 12:19:03 [main] INFO  DataBaseTestConfig:14 - Create DB connection
2020-03-26 12:19:03 [main] INFO  DataBaseTestConfig:46 - Closing Result Set
2020-03-26 12:19:03 [main] INFO  DataBaseTestConfig:35 - Closing Prepared Statement
2020-03-26 12:19:03 [main] INFO  DataBaseTestConfig:24 - Closing DB connection
2020-03-26 12:19:03 [main] INFO  DataBaseTestConfig:14 - Create DB connection
2020-03-26 12:19:03 [main] INFO  DataBaseTestConfig:46 - Closing Result Set
2020-03-26 12:19:03 [main] INFO  DataBaseTestConfig:35 - Closing Prepared Statement
2020-03-26 12:19:03 [main] INFO  DataBaseTestConfig:24 - Closing DB connection
2020-03-26 12:19:04 [main] INFO  DataBaseTestConfig:14 - Create DB connection
2020-03-26 12:19:04 [main] INFO  DataBaseTestConfig:46 - Closing Result Set
2020-03-26 12:19:04 [main] INFO  DataBaseTestConfig:35 - Closing Prepared Statement
2020-03-26 12:19:04 [main] INFO  DataBaseTestConfig:24 - Closing DB connection
2020-03-26 12:19:04 [main] INFO  DataBaseTestConfig:14 - Create DB connection
2020-03-26 12:19:04 [main] INFO  DataBaseTestConfig:24 - Closing DB connection
2020-03-26 12:19:04 [main] INFO  DataBaseTestConfig:14 - Create DB connection
2020-03-26 12:19:04 [main] INFO  DataBaseTestConfig:35 - Closing Prepared Statement
2020-03-26 12:19:04 [main] INFO  DataBaseTestConfig:24 - Closing DB connection
2020-03-26 12:19:04 [main] INFO  DataBaseTestConfig:14 - Create DB connection
2020-03-26 12:19:04 [main] INFO  DataBaseTestConfig:46 - Closing Result Set
2020-03-26 12:19:04 [main] INFO  DataBaseTestConfig:35 - Closing Prepared Statement
2020-03-26 12:19:04 [main] INFO  DataBaseTestConfig:24 - Closing DB connection
2020-03-26 12:19:04 [main] INFO  DataBaseTestConfig:14 - Create DB connection
2020-03-26 12:19:04 [main] INFO  DataBaseTestConfig:24 - Closing DB connection
2020-03-26 12:19:04 [main] INFO  DataBaseTestConfig:14 - Create DB connection
2020-03-26 12:19:04 [main] INFO  DataBaseTestConfig:46 - Closing Result Set
2020-03-26 12:19:04 [main] INFO  DataBaseTestConfig:35 - Closing Prepared Statement
2020-03-26 12:19:04 [main] INFO  DataBaseTestConfig:24 - Closing DB connection
2020-03-26 12:19:04 [main] INFO  DataBaseTestConfig:14 - Create DB connection
2020-03-26 12:19:04 [main] INFO  DataBaseTestConfig:35 - Closing Prepared Statement
2020-03-26 12:19:04 [main] INFO  DataBaseTestConfig:24 - Closing DB connection
2020-03-26 12:19:04 [main] INFO  DataBaseTestConfig:14 - Create DB connection
2020-03-26 12:19:04 [main] INFO  DataBaseTestConfig:46 - Closing Result Set
2020-03-26 12:19:04 [main] INFO  DataBaseTestConfig:35 - Closing Prepared Statement
2020-03-26 12:19:04 [main] INFO  DataBaseTestConfig:24 - Closing DB connection
2020-03-26 12:19:04 [main] INFO  DataBaseTestConfig:14 - Create DB connection
2020-03-26 12:19:04 [main] INFO  DataBaseTestConfig:24 - Closing DB connection
2020-03-26 12:19:04 [main] INFO  DataBaseTestConfig:14 - Create DB connection
2020-03-26 12:19:04 [main] INFO  DataBaseTestConfig:46 - Closing Result Set
2020-03-26 12:19:04 [main] INFO  DataBaseTestConfig:35 - Closing Prepared Statement
2020-03-26 12:19:04 [main] INFO  DataBaseTestConfig:24 - Closing DB connection
2020-03-26 18:02:55 [main] INFO  DataBaseTestConfig:14 - Create DB connection
2020-03-26 18:02:55 [main] INFO  DataBaseTestConfig:24 - Closing DB connection
2020-03-26 18:02:55 [main] INFO  DataBaseTestConfig:14 - Create DB connection
2020-03-26 18:02:55 [main] INFO  DataBaseTestConfig:46 - Closing Result Set
2020-03-26 18:02:55 [main] INFO  DataBaseTestConfig:35 - Closing Prepared Statement
2020-03-26 18:02:55 [main] INFO  DataBaseTestConfig:24 - Closing DB connection
2020-03-26 18:02:55 [main] INFO  DataBaseTestConfig:14 - Create DB connection
2020-03-26 18:02:55 [main] INFO  DataBaseTestConfig:35 - Closing Prepared Statement
2020-03-26 18:02:55 [main] INFO  DataBaseTestConfig:24 - Closing DB connection
2020-03-26 18:02:55 [main] INFO  DataBaseTestConfig:14 - Create DB connection
2020-03-26 18:02:55 [main] INFO  DataBaseTestConfig:24 - Closing DB connection
2020-03-26 18:02:55 [main] INFO  DataBaseTestConfig:14 - Create DB connection
2020-03-26 18:02:55 [main] INFO  DataBaseTestConfig:46 - Closing Result Set
2020-03-26 18:02:55 [main] INFO  DataBaseTestConfig:35 - Closing Prepared Statement
2020-03-26 18:02:55 [main] INFO  DataBaseTestConfig:24 - Closing DB connection
2020-03-26 18:02:55 [main] INFO  DataBaseTestConfig:14 - Create DB connection
2020-03-26 18:02:55 [main] INFO  DataBaseTestConfig:46 - Closing Result Set
2020-03-26 18:02:55 [main] INFO  DataBaseTestConfig:35 - Closing Prepared Statement
2020-03-26 18:02:55 [main] INFO  DataBaseTestConfig:24 - Closing DB connection
2020-03-26 18:02:56 [main] INFO  DataBaseTestConfig:14 - Create DB connection
2020-03-26 18:02:56 [main] INFO  DataBaseTestConfig:46 - Closing Result Set
2020-03-26 18:02:56 [main] INFO  DataBaseTestConfig:35 - Closing Prepared Statement
2020-03-26 18:02:56 [main] INFO  DataBaseTestConfig:24 - Closing DB connection
2020-03-26 18:02:56 [main] INFO  DataBaseTestConfig:14 - Create DB connection
2020-03-26 18:02:56 [main] INFO  DataBaseTestConfig:46 - Closing Result Set
2020-03-26 18:02:56 [main] INFO  DataBaseTestConfig:35 - Closing Prepared Statement
2020-03-26 18:02:56 [main] INFO  DataBaseTestConfig:24 - Closing DB connection
2020-03-26 18:02:56 [main] INFO  DataBaseTestConfig:14 - Create DB connection
2020-03-26 18:02:56 [main] INFO  DataBaseTestConfig:24 - Closing DB connection
2020-03-26 18:02:56 [main] INFO  DataBaseTestConfig:14 - Create DB connection
2020-03-26 18:02:56 [main] INFO  DataBaseTestConfig:35 - Closing Prepared Statement
2020-03-26 18:02:56 [main] INFO  DataBaseTestConfig:24 - Closing DB connection
2020-03-26 18:02:56 [main] INFO  DataBaseTestConfig:14 - Create DB connection
2020-03-26 18:02:56 [main] INFO  DataBaseTestConfig:46 - Closing Result Set
2020-03-26 18:02:56 [main] INFO  DataBaseTestConfig:35 - Closing Prepared Statement
2020-03-26 18:02:56 [main] INFO  DataBaseTestConfig:24 - Closing DB connection
2020-03-26 18:02:56 [main] INFO  DataBaseTestConfig:14 - Create DB connection
2020-03-26 18:02:56 [main] INFO  DataBaseTestConfig:24 - Closing DB connection
2020-03-26 18:02:56 [main] INFO  DataBaseTestConfig:14 - Create DB connection
2020-03-26 18:02:56 [main] INFO  DataBaseTestConfig:46 - Closing Result Set
2020-03-26 18:02:56 [main] INFO  DataBaseTestConfig:35 - Closing Prepared Statement
2020-03-26 18:02:56 [main] INFO  DataBaseTestConfig:24 - Closing DB connection
2020-03-26 18:02:56 [main] INFO  DataBaseTestConfig:14 - Create DB connection
2020-03-26 18:02:56 [main] INFO  DataBaseTestConfig:35 - Closing Prepared Statement
2020-03-26 18:02:56 [main] INFO  DataBaseTestConfig:24 - Closing DB connection
2020-03-26 18:02:56 [main] INFO  DataBaseTestConfig:14 - Create DB connection
2020-03-26 18:02:56 [main] INFO  DataBaseTestConfig:24 - Closing DB connection
2020-03-26 18:02:56 [main] INFO  DataBaseTestConfig:14 - Create DB connection
2020-03-26 18:02:56 [main] INFO  DataBaseTestConfig:46 - Closing Result Set
2020-03-26 18:02:56 [main] INFO  DataBaseTestConfig:35 - Closing Prepared Statement
2020-03-26 18:02:56 [main] INFO  DataBaseTestConfig:24 - Closing DB connection
2020-03-26 18:02:56 [main] INFO  DataBaseTestConfig:14 - Create DB connection
2020-03-26 18:02:56 [main] INFO  DataBaseTestConfig:46 - Closing Result Set
2020-03-26 18:02:56 [main] INFO  DataBaseTestConfig:35 - Closing Prepared Statement
2020-03-26 18:02:56 [main] INFO  DataBaseTestConfig:24 - Closing DB connection
2020-03-27 08:50:00 [main] INFO  App:10 - Initializing Parking System
2020-03-27 08:50:00 [main] INFO  InteractiveShell:14 - App initialized!!!
2020-03-27 08:50:07 [main] INFO  DataBaseConfig:14 - Create DB connection
2020-03-27 08:50:07 [main] INFO  DataBaseConfig:52 - Closing Result Set
2020-03-27 08:50:07 [main] INFO  DataBaseConfig:41 - Closing Prepared Statement
2020-03-27 08:50:07 [main] INFO  DataBaseConfig:30 - Closing DB connection
2020-03-27 08:50:07 [main] ERROR ParkingService:79 - Error fetching next available parking slot
java.lang.Exception: Error fetching parking number from DB. Parking slots might be full
	at com.parkit.parkingsystem.service.ParkingService.getNextParkingNumberIfAvailable(ParkingService.java:74) [classes/:?]
	at com.parkit.parkingsystem.service.ParkingService.processIncomingVehicle(ParkingService.java:32) [classes/:?]
	at com.parkit.parkingsystem.service.InteractiveShell.loadInterface(InteractiveShell.java:28) [classes/:?]
	at com.parkit.parkingsystem.App.main(App.java:11) [classes/:?]
2020-03-27 08:53:00 [main] INFO  DataBaseConfig:14 - Create DB connection
2020-03-27 08:53:00 [main] INFO  DataBaseConfig:52 - Closing Result Set
2020-03-27 08:53:00 [main] INFO  DataBaseConfig:41 - Closing Prepared Statement
2020-03-27 08:53:00 [main] INFO  DataBaseConfig:30 - Closing DB connection
2020-03-27 08:53:00 [main] INFO  DataBaseConfig:14 - Create DB connection
2020-03-27 08:53:00 [main] INFO  DataBaseConfig:30 - Closing DB connection
2020-03-27 08:53:00 [main] INFO  DataBaseConfig:14 - Create DB connection
2020-03-27 08:53:00 [main] INFO  DataBaseConfig:41 - Closing Prepared Statement
2020-03-27 08:53:00 [main] INFO  DataBaseConfig:30 - Closing DB connection
